<?xml version="1.0" encoding="UTF-8"?>
<!-- Generated by org.testng.reporters.JUnitReportReporter -->
<testsuite hostname="POWER-PC" name="practiceMavenProject.FrameHandlePractice" tests="1" failures="0" timestamp="3 Apr 2019 07:05:17 GMT" time="14.760" errors="0">
  <testcase name="practiceframe" time="14.760" classname="practiceMavenProject.FrameHandlePractice"/>
</testsuite> <!-- practiceMavenProject.FrameHandlePractice -->
