<?xml version="1.0" encoding="UTF-8"?>
<!-- Generated by org.testng.reporters.JUnitReportReporter -->
<testsuite hostname="POWER-PC" name="practiceMavenProject.ReadDataFromDemosite" tests="1" failures="0" timestamp="25 Mar 2019 11:47:05 GMT" time="199.312" errors="0">
  <testcase name="testData" time="199.312" classname="practiceMavenProject.ReadDataFromDemosite"/>
</testsuite> <!-- practiceMavenProject.ReadDataFromDemosite -->
