<?xml version="1.0" encoding="UTF-8"?>
<!-- Generated by org.testng.reporters.JUnitReportReporter -->
<testsuite hostname="POWER-PC" name="practiceMavenProject.FileUploadInGmailTest" tests="2" failures="0" timestamp="12 Mar 2019 06:56:36 GMT" time="99.877" errors="0">
  <testcase name="scenaRio1" time="73.979" classname="practiceMavenProject.FileUploadInGmailTest"/>
  <testcase name="scenaRio1Vaklidation" time="25.898" classname="practiceMavenProject.FileUploadInGmailTest"/>
</testsuite> <!-- practiceMavenProject.FileUploadInGmailTest -->
