<?xml version="1.0" encoding="UTF-8"?>
<!-- Generated by org.testng.reporters.JUnitReportReporter -->
<testsuite hostname="POWER-PC" name="practiceMavenProject.Practice2" tests="1" failures="0" timestamp="10 Apr 2019 10:27:22 GMT" time="5.232" errors="0">
  <testcase name="errorMsgValidation" time="5.232" classname="practiceMavenProject.Practice2"/>
</testsuite> <!-- practiceMavenProject.Practice2 -->
