<?xml version="1.0" encoding="UTF-8"?>
<!-- Generated by org.testng.reporters.JUnitReportReporter -->
<testsuite hostname="POWER-PC" name="com.mavenDemo.MavenProject.MavenDemoClass" tests="1" failures="0" timestamp="18 Feb 2019 15:09:38 GMT" time="12.616" errors="0">
  <testcase name="fileupload" time="12.616" classname="com.mavenDemo.MavenProject.MavenDemoClass"/>
</testsuite> <!-- com.mavenDemo.MavenProject.MavenDemoClass -->
