<?xml version="1.0" encoding="UTF-8"?>
<!-- Generated by org.testng.reporters.JUnitReportReporter -->
<testsuite hostname="POWER-PC" name="com.mavenDemo.MavenProject.OptimizedCodeTest" tests="3" failures="0" timestamp="3 Apr 2019 07:12:50 GMT" time="31.142" errors="0">
  <testcase name="test2" time="14.197" classname="com.mavenDemo.MavenProject.OptimizedCodeTest"/>
  <testcase name="test3" time="7.517" classname="com.mavenDemo.MavenProject.OptimizedCodeTest"/>
  <testcase name="test4" time="9.428" classname="com.mavenDemo.MavenProject.OptimizedCodeTest"/>
</testsuite> <!-- com.mavenDemo.MavenProject.OptimizedCodeTest -->
