<?xml version="1.0" encoding="UTF-8"?>
<!-- Generated by org.testng.reporters.JUnitReportReporter -->
<testsuite hostname="POWER-PC" name="com.mavenDemo.MavenProject.fileUploadAutoit" tests="2" failures="0" timestamp="19 Feb 2019 05:56:27 GMT" time="8.265" errors="0">
  <testcase name="test1" time="5.674" classname="com.mavenDemo.MavenProject.fileUploadAutoit"/>
  <testcase name="fileupload" time="2.591" classname="com.mavenDemo.MavenProject.fileUploadAutoit"/>
</testsuite> <!-- com.mavenDemo.MavenProject.fileUploadAutoit -->
