<?xml version="1.0" encoding="UTF-8"?>
<!-- Generated by org.testng.reporters.JUnitReportReporter -->
<testsuite hostname="POWER-PC" name="practiceMavenProject.PracticeTestNG" tests="1" failures="0" timestamp="3 Apr 2019 06:58:27 GMT" time="28.604" errors="0">
  <testcase name="getPageTitle" time="28.604" classname="practiceMavenProject.PracticeTestNG"/>
</testsuite> <!-- practiceMavenProject.PracticeTestNG -->
