<?xml version="1.0" encoding="UTF-8"?>
<!-- Generated by org.testng.reporters.JUnitReportReporter -->
<testsuite hostname="POWER-PC" name="com.mavenDemo.MavenProject.FacebookPageTest" tests="1" failures="0" timestamp="8 Mar 2019 18:24:07 GMT" time="326.024" errors="0">
  <testcase name="contentInfoLinks" time="326.024" classname="com.mavenDemo.MavenProject.FacebookPageTest"/>
</testsuite> <!-- com.mavenDemo.MavenProject.FacebookPageTest -->
