<?xml version="1.0" encoding="UTF-8"?>
<!-- Generated by org.testng.reporters.JUnitReportReporter -->
<testsuite hostname="POWER-PC" name="com.TestNG.practice.BmethodAmethod" tests="2" failures="0" timestamp="15 Feb 2019 05:58:41 GMT" time="58.404" errors="0">
  <testcase name="bputNotice$Result" time="34.195" classname="com.TestNG.practice.BmethodAmethod"/>
  <testcase name="examBput" time="24.209" classname="com.TestNG.practice.BmethodAmethod"/>
</testsuite> <!-- com.TestNG.practice.BmethodAmethod -->
