<?xml version="1.0" encoding="UTF-8"?>
<!-- Generated by org.testng.reporters.JUnitReportReporter -->
<testsuite hostname="POWER-PC" name="com.TestNG.practice.FlipkarTestNg" tests="1" failures="0" timestamp="14 Feb 2019 19:22:01 GMT" time="39.772" errors="0">
  <testcase name="login" time="39.772" classname="com.TestNG.practice.FlipkarTestNg"/>
</testsuite> <!-- com.TestNG.practice.FlipkarTestNg -->
