<?xml version="1.0" encoding="UTF-8"?>
<!-- Generated by org.testng.reporters.JUnitReportReporter -->
<testsuite hostname="POWER-PC" name="com.TestNG.practice.BputtestNG" tests="2" failures="0" timestamp="13 Feb 2019 05:57:04 GMT" time="36.859" errors="0">
  <testcase name="faceBook" time="15.750" classname="com.TestNG.practice.BputtestNG"/>
  <testcase name="aboutUs" time="21.109" classname="com.TestNG.practice.BputtestNG"/>
</testsuite> <!-- com.TestNG.practice.BputtestNG -->
